<?xml version="1.0" encoding="UTF-8"?>
<testng-results ignored="0" total="7" passed="7" failed="0" skipped="0">
  <reporter-output>
  </reporter-output>
  <suite started-at="2025-09-02T22:13:27 IST" name="ExampleSuite" finished-at="2025-09-02T22:13:40 IST" duration-ms="12785">
    <groups>
      <group name="Regression">
        <method signature="TestTwo.groupTestCase()[pri:0, instance:tests.TestTwo@45d84a20]" name="groupTestCase" class="tests.TestTwo"/>
      </group> <!-- Regression -->
      <group name="Smoke">
        <method signature="TestTwo.groupTestCase()[pri:0, instance:tests.TestTwo@45d84a20]" name="groupTestCase" class="tests.TestTwo"/>
        <method signature="TestTwo.smokeTestCase()[pri:0, instance:tests.TestTwo@45d84a20]" name="smokeTestCase" class="tests.TestTwo"/>
      </group> <!-- Smoke -->
    </groups>
    <test started-at="2025-09-02T22:13:27 IST" name="TestExampleOneChrome" finished-at="2025-09-02T22:13:40 IST" duration-ms="12785">
      <class name="tests.TestTwo">
        <test-method is-config="true" signature="setup(java.lang.String)[pri:0, instance:tests.TestTwo@45d84a20]" started-at="2025-09-02T22:13:31 IST" name="setup" finished-at="2025-09-02T22:13:34 IST" duration-ms="2810" status="PASS">
          <params>
            <param index="0">
              <value>
                <![CDATA[chrome]]>
              </value>
            </param>
          </params>
          <reporter-output>
          </reporter-output>
        </test-method> <!-- setup -->
        <test-method is-config="true" signature="setup(java.lang.String)[pri:0, instance:tests.TestTwo@45d84a20]" started-at="2025-09-02T22:13:31 IST" name="setup" finished-at="2025-09-02T22:13:36 IST" duration-ms="4663" status="PASS">
          <params>
            <param index="0">
              <value>
                <![CDATA[chrome]]>
              </value>
            </param>
          </params>
          <reporter-output>
          </reporter-output>
        </test-method> <!-- setup -->
        <test-method signature="LoginTest()[pri:0, instance:tests.TestTwo@45d84a20]" started-at="2025-09-02T22:13:34 IST" name="LoginTest" finished-at="2025-09-02T22:13:34 IST" duration-ms="2" status="PASS">
          <reporter-output>
          </reporter-output>
        </test-method> <!-- LoginTest -->
        <test-method is-config="true" signature="tearDown()[pri:0, instance:tests.TestTwo@45d84a20]" started-at="2025-09-02T22:13:34 IST" name="tearDown" finished-at="2025-09-02T22:13:34 IST" duration-ms="87" status="PASS">
          <reporter-output>
          </reporter-output>
        </test-method> <!-- tearDown -->
        <test-method is-config="true" signature="setup(java.lang.String)[pri:0, instance:tests.TestTwo@45d84a20]" started-at="2025-09-02T22:13:34 IST" name="setup" finished-at="2025-09-02T22:13:37 IST" duration-ms="3550" status="PASS">
          <params>
            <param index="0">
              <value>
                <![CDATA[chrome]]>
              </value>
            </param>
          </params>
          <reporter-output>
          </reporter-output>
        </test-method> <!-- setup -->
        <test-method signature="groupTestCase()[pri:0, instance:tests.TestTwo@45d84a20]" started-at="2025-09-02T22:13:36 IST" name="groupTestCase" finished-at="2025-09-02T22:13:36 IST" duration-ms="1" status="PASS">
          <reporter-output>
          </reporter-output>
        </test-method> <!-- groupTestCase -->
        <test-method is-config="true" signature="tearDown()[pri:0, instance:tests.TestTwo@45d84a20]" started-at="2025-09-02T22:13:36 IST" name="tearDown" finished-at="2025-09-02T22:13:36 IST" duration-ms="88" status="PASS">
          <reporter-output>
          </reporter-output>
        </test-method> <!-- tearDown -->
        <test-method is-config="true" signature="setup(java.lang.String)[pri:0, instance:tests.TestTwo@45d84a20]" started-at="2025-09-02T22:13:36 IST" name="setup" finished-at="2025-09-02T22:13:39 IST" duration-ms="2876" status="PASS">
          <params>
            <param index="0">
              <value>
                <![CDATA[chrome]]>
              </value>
            </param>
          </params>
          <reporter-output>
          </reporter-output>
        </test-method> <!-- setup -->
        <test-method signature="smokeTestCase()[pri:0, instance:tests.TestTwo@45d84a20]" started-at="2025-09-02T22:13:37 IST" name="smokeTestCase" finished-at="2025-09-02T22:13:37 IST" duration-ms="1" status="PASS">
          <reporter-output>
          </reporter-output>
        </test-method> <!-- smokeTestCase -->
        <test-method is-config="true" signature="tearDown()[pri:0, instance:tests.TestTwo@45d84a20]" started-at="2025-09-02T22:13:37 IST" name="tearDown" finished-at="2025-09-02T22:13:38 IST" duration-ms="90" status="PASS">
          <reporter-output>
          </reporter-output>
        </test-method> <!-- tearDown -->
        <test-method is-config="true" signature="setup(java.lang.String)[pri:0, instance:tests.TestTwo@45d84a20]" started-at="2025-09-02T22:13:38 IST" name="setup" finished-at="2025-09-02T22:13:40 IST" duration-ms="2251" status="PASS">
          <params>
            <param index="0">
              <value>
                <![CDATA[chrome]]>
              </value>
            </param>
          </params>
          <reporter-output>
          </reporter-output>
        </test-method> <!-- setup -->
        <test-method signature="testInTestTwo()[pri:0, instance:tests.TestTwo@45d84a20]" started-at="2025-09-02T22:13:39 IST" name="testInTestTwo" finished-at="2025-09-02T22:13:39 IST" duration-ms="8" status="PASS">
          <reporter-output>
          </reporter-output>
        </test-method> <!-- testInTestTwo -->
        <test-method is-config="true" signature="tearDown()[pri:0, instance:tests.TestTwo@45d84a20]" started-at="2025-09-02T22:13:39 IST" name="tearDown" finished-at="2025-09-02T22:13:39 IST" duration-ms="93" status="PASS">
          <reporter-output>
          </reporter-output>
        </test-method> <!-- tearDown -->
        <test-method signature="verifyDashboard()[pri:0, instance:tests.TestTwo@45d84a20]" started-at="2025-09-02T22:13:40 IST" name="verifyDashboard" finished-at="2025-09-02T22:13:40 IST" depends-on-methods="tests.TestTwo.LoginTest" duration-ms="1" status="PASS">
          <reporter-output>
          </reporter-output>
        </test-method> <!-- verifyDashboard -->
        <test-method is-config="true" signature="tearDown()[pri:0, instance:tests.TestTwo@45d84a20]" started-at="2025-09-02T22:13:40 IST" name="tearDown" finished-at="2025-09-02T22:13:40 IST" duration-ms="97" status="PASS">
          <reporter-output>
          </reporter-output>
        </test-method> <!-- tearDown -->
      </class> <!-- tests.TestTwo -->
      <class name="tests.TestOne">
        <test-method is-config="true" signature="setup(java.lang.String)[pri:0, instance:tests.TestOne@48bb62]" started-at="2025-09-02T22:13:27 IST" name="setup" finished-at="2025-09-02T22:13:31 IST" duration-ms="3838" status="PASS">
          <params>
            <param index="0">
              <value>
                <![CDATA[chrome]]>
              </value>
            </param>
          </params>
          <reporter-output>
          </reporter-output>
        </test-method> <!-- setup -->
        <test-method is-config="true" signature="setup(java.lang.String)[pri:0, instance:tests.TestOne@48bb62]" started-at="2025-09-02T22:13:27 IST" name="setup" finished-at="2025-09-02T22:13:31 IST" duration-ms="3705" status="PASS">
          <params>
            <param index="0">
              <value>
                <![CDATA[chrome]]>
              </value>
            </param>
          </params>
          <reporter-output>
          </reporter-output>
        </test-method> <!-- setup -->
        <test-method signature="testMethod2()[pri:0, instance:tests.TestOne@48bb62]" started-at="2025-09-02T22:13:31 IST" name="testMethod2" finished-at="2025-09-02T22:13:31 IST" duration-ms="25" status="PASS">
          <reporter-output>
          </reporter-output>
        </test-method> <!-- testMethod2 -->
        <test-method is-config="true" signature="tearDown()[pri:0, instance:tests.TestOne@48bb62]" started-at="2025-09-02T22:13:31 IST" name="tearDown" finished-at="2025-09-02T22:13:31 IST" duration-ms="133" status="PASS">
          <reporter-output>
          </reporter-output>
        </test-method> <!-- tearDown -->
        <test-method signature="testMethod()[pri:0, instance:tests.TestOne@48bb62]" started-at="2025-09-02T22:13:31 IST" name="testMethod" finished-at="2025-09-02T22:13:31 IST" duration-ms="5" status="PASS">
          <reporter-output>
          </reporter-output>
        </test-method> <!-- testMethod -->
        <test-method is-config="true" signature="tearDown()[pri:0, instance:tests.TestOne@48bb62]" started-at="2025-09-02T22:13:31 IST" name="tearDown" finished-at="2025-09-02T22:13:31 IST" duration-ms="96" status="PASS">
          <reporter-output>
          </reporter-output>
        </test-method> <!-- tearDown -->
      </class> <!-- tests.TestOne -->
    </test> <!-- TestExampleOneChrome -->
  </suite> <!-- ExampleSuite -->
</testng-results>
