<?xml version="1.0" encoding="UTF-8"?>
<!-- Generated by org.testng.reporters.JUnitXMLReporter -->
<testsuite ignored="0" hostname="Sandeshs-MacBook-Air.local" failures="0" tests="7" name="TestExampleOneChrome" time="14.007" errors="0" timestamp="2025-09-03T20:30:06 IST">
  <testcase classname="tests.TestOne" name="testMethod" time="0.01"/>
  <testcase classname="tests.TestOne" name="testMethod2" time="0.001"/>
  <testcase classname="tests.TestTwo" name="LoginTest" time="0.002"/>
  <testcase classname="tests.TestTwo" name="groupTestCase" time="0.001"/>
  <testcase classname="tests.TestTwo" name="testInTestTwo" time="0.005"/>
  <testcase classname="tests.TestTwo" name="smokeTestCase" time="0.004"/>
  <testcase classname="tests.TestTwo" name="verifyDashboard" time="0.0"/>
</testsuite> <!-- TestExampleOneChrome -->
